Serverless: Packaging service...
Serverless: Uploading CloudFormation file to S3...
Serverless: Uploading service .zip file to S3 (12.67 MB)...
Serverless: Updating Stack...
Serverless: Checking Stack update progress...
......................................
Serverless: Stack update finished...
Serverless: Removing old service versions...

Service Information
service: serverless-rest-api-with-dynamodb
stage: dev
region: us-east-1
api keys:
  None
endpoints:
  POST - https://urs8adzb8j.execute-api.us-east-1.amazonaws.com/dev/todos
  GET - https://urs8adzb8j.execute-api.us-east-1.amazonaws.com/dev/todos
  GET - https://urs8adzb8j.execute-api.us-east-1.amazonaws.com/dev/todos/{id}
  PUT - https://urs8adzb8j.execute-api.us-east-1.amazonaws.com/dev/todos/{id}
  DELETE - https://urs8adzb8j.execute-api.us-east-1.amazonaws.com/dev/todos/{id}
functions:
  serverless-rest-api-with-dynamodb-dev-update: arn:aws:lambda:us-east-1:136681264787:function:serverless-rest-api-with-dynamodb-dev-update
  serverless-rest-api-with-dynamodb-dev-get: arn:aws:lambda:us-east-1:136681264787:function:serverless-rest-api-with-dynamodb-dev-get
  serverless-rest-api-with-dynamodb-dev-list: arn:aws:lambda:us-east-1:136681264787:function:serverless-rest-api-with-dynamodb-dev-list
  serverless-rest-api-with-dynamodb-dev-create: arn:aws:lambda:us-east-1:136681264787:function:serverless-rest-api-with-dynamodb-dev-create
  serverless-rest-api-with-dynamodb-dev-delete: arn:aws:lambda:us-east-1:136681264787:function:serverless-rest-api-with-dynamodb-dev-delete

